[0.759s] Invoking command in '/home/salo/Desktop/mad-labz/ros2_ws/build/my_py_pkg': PYTHONPATH=/home/salo/Desktop/mad-labz/ros2_ws/build/my_py_pkg/prefix_override:/home/salo/Desktop/mad-labz/ros2_ws/install/my_py_pkg/lib/python3.10/site-packages:${PYTHONPATH} /usr/bin/python3 setup.py develop --uninstall --editable --build-directory /home/salo/Desktop/mad-labz/ros2_ws/build/my_py_pkg/build
[0.986s] running develop
[1.152s] Removing /home/salo/Desktop/mad-labz/ros2_ws/install/my_py_pkg/lib/python3.10/site-packages/my-py-pkg.egg-link (link to .)
[1.183s] Invoked command in '/home/salo/Desktop/mad-labz/ros2_ws/build/my_py_pkg' returned '0': PYTHONPATH=/home/salo/Desktop/mad-labz/ros2_ws/build/my_py_pkg/prefix_override:/home/salo/Desktop/mad-labz/ros2_ws/install/my_py_pkg/lib/python3.10/site-packages:${PYTHONPATH} /usr/bin/python3 setup.py develop --uninstall --editable --build-directory /home/salo/Desktop/mad-labz/ros2_ws/build/my_py_pkg/build
[1.185s] Invoking command in '/home/salo/Desktop/mad-labz/ros2_ws/src/my_py_pkg': PYTHONPATH=/home/salo/Desktop/mad-labz/ros2_ws/build/my_py_pkg/prefix_override:/home/salo/Desktop/mad-labz/ros2_ws/install/my_py_pkg/lib/python3.10/site-packages:${PYTHONPATH} /usr/bin/python3 setup.py egg_info --egg-base ../../build/my_py_pkg build --build-base /home/salo/Desktop/mad-labz/ros2_ws/build/my_py_pkg/build install --record /home/salo/Desktop/mad-labz/ros2_ws/build/my_py_pkg/install.log --single-version-externally-managed
[1.392s] running egg_info
[1.392s] writing ../../build/my_py_pkg/my_py_pkg.egg-info/PKG-INFO
[1.393s] writing dependency_links to ../../build/my_py_pkg/my_py_pkg.egg-info/dependency_links.txt
[1.393s] writing entry points to ../../build/my_py_pkg/my_py_pkg.egg-info/entry_points.txt
[1.393s] writing requirements to ../../build/my_py_pkg/my_py_pkg.egg-info/requires.txt
[1.393s] writing top-level names to ../../build/my_py_pkg/my_py_pkg.egg-info/top_level.txt
[1.394s] reading manifest file '../../build/my_py_pkg/my_py_pkg.egg-info/SOURCES.txt'
[1.395s] writing manifest file '../../build/my_py_pkg/my_py_pkg.egg-info/SOURCES.txt'
[1.395s] running build
[1.396s] running build_py
[1.396s] copying my_py_pkg/robot_news_station.py -> /home/salo/Desktop/mad-labz/ros2_ws/build/my_py_pkg/build/lib/my_py_pkg
[1.396s] copying my_py_pkg/my_first_node.py -> /home/salo/Desktop/mad-labz/ros2_ws/build/my_py_pkg/build/lib/my_py_pkg
[1.396s] running install
[1.396s] running install_lib
[1.396s] creating /home/salo/Desktop/mad-labz/ros2_ws/install/my_py_pkg/lib/python3.10/site-packages/my_py_pkg
[1.396s] copying /home/salo/Desktop/mad-labz/ros2_ws/build/my_py_pkg/build/lib/my_py_pkg/robot_news_station.py -> /home/salo/Desktop/mad-labz/ros2_ws/install/my_py_pkg/lib/python3.10/site-packages/my_py_pkg
[1.396s] copying /home/salo/Desktop/mad-labz/ros2_ws/build/my_py_pkg/build/lib/my_py_pkg/my_first_node.py -> /home/salo/Desktop/mad-labz/ros2_ws/install/my_py_pkg/lib/python3.10/site-packages/my_py_pkg
[1.397s] copying /home/salo/Desktop/mad-labz/ros2_ws/build/my_py_pkg/build/lib/my_py_pkg/__init__.py -> /home/salo/Desktop/mad-labz/ros2_ws/install/my_py_pkg/lib/python3.10/site-packages/my_py_pkg
[1.397s] byte-compiling /home/salo/Desktop/mad-labz/ros2_ws/install/my_py_pkg/lib/python3.10/site-packages/my_py_pkg/robot_news_station.py to robot_news_station.cpython-310.pyc
[1.397s] byte-compiling /home/salo/Desktop/mad-labz/ros2_ws/install/my_py_pkg/lib/python3.10/site-packages/my_py_pkg/my_first_node.py to my_first_node.cpython-310.pyc
[1.398s] byte-compiling /home/salo/Desktop/mad-labz/ros2_ws/install/my_py_pkg/lib/python3.10/site-packages/my_py_pkg/__init__.py to __init__.cpython-310.pyc
[1.398s] running install_data
[1.398s] copying package.xml -> /home/salo/Desktop/mad-labz/ros2_ws/install/my_py_pkg/share/my_py_pkg
[1.398s] running install_egg_info
[1.399s] Copying ../../build/my_py_pkg/my_py_pkg.egg-info to /home/salo/Desktop/mad-labz/ros2_ws/install/my_py_pkg/lib/python3.10/site-packages/my_py_pkg-0.0.0-py3.10.egg-info
[1.401s] running install_scripts
[1.416s] Installing py_node script to /home/salo/Desktop/mad-labz/ros2_ws/install/my_py_pkg/lib/my_py_pkg
[1.416s] Installing robot_news_station script to /home/salo/Desktop/mad-labz/ros2_ws/install/my_py_pkg/lib/my_py_pkg
[1.416s] writing list of installed files to '/home/salo/Desktop/mad-labz/ros2_ws/build/my_py_pkg/install.log'
[1.439s] Invoked command in '/home/salo/Desktop/mad-labz/ros2_ws/src/my_py_pkg' returned '0': PYTHONPATH=/home/salo/Desktop/mad-labz/ros2_ws/build/my_py_pkg/prefix_override:/home/salo/Desktop/mad-labz/ros2_ws/install/my_py_pkg/lib/python3.10/site-packages:${PYTHONPATH} /usr/bin/python3 setup.py egg_info --egg-base ../../build/my_py_pkg build --build-base /home/salo/Desktop/mad-labz/ros2_ws/build/my_py_pkg/build install --record /home/salo/Desktop/mad-labz/ros2_ws/build/my_py_pkg/install.log --single-version-externally-managed
