[0.844s] Invoking command in '/home/salo/Desktop/mad-labz/ros2_ws/src/my_py_pkg': PYTHONPATH=/home/salo/Desktop/mad-labz/ros2_ws/build/my_py_pkg/prefix_override:/home/salo/Desktop/mad-labz/ros2_ws/install/my_py_pkg/lib/python3.10/site-packages:${PYTHONPATH} /usr/bin/python3 setup.py egg_info --egg-base ../../build/my_py_pkg build --build-base /home/salo/Desktop/mad-labz/ros2_ws/build/my_py_pkg/build install --record /home/salo/Desktop/mad-labz/ros2_ws/build/my_py_pkg/install.log --single-version-externally-managed
[1.048s] running egg_info
[1.048s] writing ../../build/my_py_pkg/my_py_pkg.egg-info/PKG-INFO
[1.048s] writing dependency_links to ../../build/my_py_pkg/my_py_pkg.egg-info/dependency_links.txt
[1.048s] writing entry points to ../../build/my_py_pkg/my_py_pkg.egg-info/entry_points.txt
[1.048s] writing requirements to ../../build/my_py_pkg/my_py_pkg.egg-info/requires.txt
[1.048s] writing top-level names to ../../build/my_py_pkg/my_py_pkg.egg-info/top_level.txt
[1.050s] reading manifest file '../../build/my_py_pkg/my_py_pkg.egg-info/SOURCES.txt'
[1.050s] writing manifest file '../../build/my_py_pkg/my_py_pkg.egg-info/SOURCES.txt'
[1.050s] running build
[1.051s] running build_py
[1.051s] copying my_py_pkg/my_first_node.py -> /home/salo/Desktop/mad-labz/ros2_ws/build/my_py_pkg/build/lib/my_py_pkg
[1.051s] running install
[1.051s] running install_lib
[1.052s] copying /home/salo/Desktop/mad-labz/ros2_ws/build/my_py_pkg/build/lib/my_py_pkg/my_first_node.py -> /home/salo/Desktop/mad-labz/ros2_ws/install/my_py_pkg/lib/python3.10/site-packages/my_py_pkg
[1.053s] byte-compiling /home/salo/Desktop/mad-labz/ros2_ws/install/my_py_pkg/lib/python3.10/site-packages/my_py_pkg/my_first_node.py to my_first_node.cpython-310.pyc
[1.053s] running install_data
[1.054s] running install_egg_info
[1.055s] removing '/home/salo/Desktop/mad-labz/ros2_ws/install/my_py_pkg/lib/python3.10/site-packages/my_py_pkg-0.0.0-py3.10.egg-info' (and everything under it)
[1.056s] Copying ../../build/my_py_pkg/my_py_pkg.egg-info to /home/salo/Desktop/mad-labz/ros2_ws/install/my_py_pkg/lib/python3.10/site-packages/my_py_pkg-0.0.0-py3.10.egg-info
[1.057s] running install_scripts
[1.072s] Installing py_node script to /home/salo/Desktop/mad-labz/ros2_ws/install/my_py_pkg/lib/my_py_pkg
[1.072s] writing list of installed files to '/home/salo/Desktop/mad-labz/ros2_ws/build/my_py_pkg/install.log'
[1.095s] Invoked command in '/home/salo/Desktop/mad-labz/ros2_ws/src/my_py_pkg' returned '0': PYTHONPATH=/home/salo/Desktop/mad-labz/ros2_ws/build/my_py_pkg/prefix_override:/home/salo/Desktop/mad-labz/ros2_ws/install/my_py_pkg/lib/python3.10/site-packages:${PYTHONPATH} /usr/bin/python3 setup.py egg_info --egg-base ../../build/my_py_pkg build --build-base /home/salo/Desktop/mad-labz/ros2_ws/build/my_py_pkg/build install --record /home/salo/Desktop/mad-labz/ros2_ws/build/my_py_pkg/install.log --single-version-externally-managed
