[0.824s] Invoking command in '/home/salo/Desktop/mad-labz/ros2_ws/src/my_py_pkg': PYTHONPATH=/home/salo/Desktop/mad-labz/ros2_ws/build/my_py_pkg/prefix_override:/home/salo/Desktop/mad-labz/ros2_ws/install/my_py_pkg/lib/python3.10/site-packages:${PYTHONPATH} /usr/bin/python3 setup.py egg_info --egg-base ../../build/my_py_pkg build --build-base /home/salo/Desktop/mad-labz/ros2_ws/build/my_py_pkg/build install --record /home/salo/Desktop/mad-labz/ros2_ws/build/my_py_pkg/install.log --single-version-externally-managed
[1.040s] running egg_info
[1.040s] creating ../../build/my_py_pkg/my_py_pkg.egg-info
[1.040s] writing ../../build/my_py_pkg/my_py_pkg.egg-info/PKG-INFO
[1.040s] writing dependency_links to ../../build/my_py_pkg/my_py_pkg.egg-info/dependency_links.txt
[1.041s] writing entry points to ../../build/my_py_pkg/my_py_pkg.egg-info/entry_points.txt
[1.041s] writing requirements to ../../build/my_py_pkg/my_py_pkg.egg-info/requires.txt
[1.041s] writing top-level names to ../../build/my_py_pkg/my_py_pkg.egg-info/top_level.txt
[1.042s] writing manifest file '../../build/my_py_pkg/my_py_pkg.egg-info/SOURCES.txt'
[1.043s] reading manifest file '../../build/my_py_pkg/my_py_pkg.egg-info/SOURCES.txt'
[1.044s] writing manifest file '../../build/my_py_pkg/my_py_pkg.egg-info/SOURCES.txt'
[1.044s] running build
[1.044s] running build_py
[1.044s] creating /home/salo/Desktop/mad-labz/ros2_ws/build/my_py_pkg/build
[1.044s] creating /home/salo/Desktop/mad-labz/ros2_ws/build/my_py_pkg/build/lib
[1.044s] creating /home/salo/Desktop/mad-labz/ros2_ws/build/my_py_pkg/build/lib/my_py_pkg
[1.044s] copying my_py_pkg/__init__.py -> /home/salo/Desktop/mad-labz/ros2_ws/build/my_py_pkg/build/lib/my_py_pkg
[1.044s] running install
[1.045s] /usr/lib/python3/dist-packages/setuptools/command/install.py:34: SetuptoolsDeprecationWarning: setup.py install is deprecated. Use build and pip and other standards-based tools.
[1.045s]   warnings.warn(
[1.045s] running install_lib
[1.046s] creating /home/salo/Desktop/mad-labz/ros2_ws/install/my_py_pkg/lib/python3.10/site-packages/my_py_pkg
[1.046s] copying /home/salo/Desktop/mad-labz/ros2_ws/build/my_py_pkg/build/lib/my_py_pkg/__init__.py -> /home/salo/Desktop/mad-labz/ros2_ws/install/my_py_pkg/lib/python3.10/site-packages/my_py_pkg
[1.046s] byte-compiling /home/salo/Desktop/mad-labz/ros2_ws/install/my_py_pkg/lib/python3.10/site-packages/my_py_pkg/__init__.py to __init__.cpython-310.pyc
[1.046s] running install_data
[1.047s] creating /home/salo/Desktop/mad-labz/ros2_ws/install/my_py_pkg/share/ament_index
[1.047s] creating /home/salo/Desktop/mad-labz/ros2_ws/install/my_py_pkg/share/ament_index/resource_index
[1.047s] creating /home/salo/Desktop/mad-labz/ros2_ws/install/my_py_pkg/share/ament_index/resource_index/packages
[1.047s] copying resource/my_py_pkg -> /home/salo/Desktop/mad-labz/ros2_ws/install/my_py_pkg/share/ament_index/resource_index/packages
[1.047s] copying package.xml -> /home/salo/Desktop/mad-labz/ros2_ws/install/my_py_pkg/share/my_py_pkg
[1.047s] running install_egg_info
[1.048s] Copying ../../build/my_py_pkg/my_py_pkg.egg-info to /home/salo/Desktop/mad-labz/ros2_ws/install/my_py_pkg/lib/python3.10/site-packages/my_py_pkg-0.0.0-py3.10.egg-info
[1.049s] running install_scripts
[1.065s] writing list of installed files to '/home/salo/Desktop/mad-labz/ros2_ws/build/my_py_pkg/install.log'
[1.086s] Invoked command in '/home/salo/Desktop/mad-labz/ros2_ws/src/my_py_pkg' returned '0': PYTHONPATH=/home/salo/Desktop/mad-labz/ros2_ws/build/my_py_pkg/prefix_override:/home/salo/Desktop/mad-labz/ros2_ws/install/my_py_pkg/lib/python3.10/site-packages:${PYTHONPATH} /usr/bin/python3 setup.py egg_info --egg-base ../../build/my_py_pkg build --build-base /home/salo/Desktop/mad-labz/ros2_ws/build/my_py_pkg/build install --record /home/salo/Desktop/mad-labz/ros2_ws/build/my_py_pkg/install.log --single-version-externally-managed
