[0.745s] Invoking command in '/home/salo/Desktop/mad-labz/ros2_ws/src/my_py_pkg': PYTHONPATH=/home/salo/Desktop/mad-labz/ros2_ws/build/my_py_pkg/prefix_override:/home/salo/Desktop/mad-labz/ros2_ws/install/my_py_pkg/lib/python3.10/site-packages:${PYTHONPATH} /usr/bin/python3 setup.py egg_info --egg-base ../../build/my_py_pkg build --build-base /home/salo/Desktop/mad-labz/ros2_ws/build/my_py_pkg/build install --record /home/salo/Desktop/mad-labz/ros2_ws/build/my_py_pkg/install.log --single-version-externally-managed
[0.949s] running egg_info
[0.949s] writing ../../build/my_py_pkg/my_py_pkg.egg-info/PKG-INFO
[0.950s] writing dependency_links to ../../build/my_py_pkg/my_py_pkg.egg-info/dependency_links.txt
[0.950s] writing entry points to ../../build/my_py_pkg/my_py_pkg.egg-info/entry_points.txt
[0.950s] writing requirements to ../../build/my_py_pkg/my_py_pkg.egg-info/requires.txt
[0.950s] writing top-level names to ../../build/my_py_pkg/my_py_pkg.egg-info/top_level.txt
[0.951s] reading manifest file '../../build/my_py_pkg/my_py_pkg.egg-info/SOURCES.txt'
[0.952s] writing manifest file '../../build/my_py_pkg/my_py_pkg.egg-info/SOURCES.txt'
[0.952s] running build
[0.952s] running build_py
[0.952s] running install
[0.952s] running install_lib
[0.953s] running install_data
[0.953s] running install_egg_info
[0.955s] removing '/home/salo/Desktop/mad-labz/ros2_ws/install/my_py_pkg/lib/python3.10/site-packages/my_py_pkg-0.0.0-py3.10.egg-info' (and everything under it)
[0.955s] Copying ../../build/my_py_pkg/my_py_pkg.egg-info to /home/salo/Desktop/mad-labz/ros2_ws/install/my_py_pkg/lib/python3.10/site-packages/my_py_pkg-0.0.0-py3.10.egg-info
[0.956s] running install_scripts
[0.973s] Installing py_node script to /home/salo/Desktop/mad-labz/ros2_ws/install/my_py_pkg/lib/my_py_pkg
[0.973s] writing list of installed files to '/home/salo/Desktop/mad-labz/ros2_ws/build/my_py_pkg/install.log'
[1.004s] Invoked command in '/home/salo/Desktop/mad-labz/ros2_ws/src/my_py_pkg' returned '0': PYTHONPATH=/home/salo/Desktop/mad-labz/ros2_ws/build/my_py_pkg/prefix_override:/home/salo/Desktop/mad-labz/ros2_ws/install/my_py_pkg/lib/python3.10/site-packages:${PYTHONPATH} /usr/bin/python3 setup.py egg_info --egg-base ../../build/my_py_pkg build --build-base /home/salo/Desktop/mad-labz/ros2_ws/build/my_py_pkg/build install --record /home/salo/Desktop/mad-labz/ros2_ws/build/my_py_pkg/install.log --single-version-externally-managed
