[0.909s] DEBUG:colcon:Command line arguments: ['/usr/bin/colcon', 'build']
[0.909s] DEBUG:colcon:Parsed command line arguments: Namespace(log_base=None, log_level=None, verb_name='build', build_base='build', install_base='install', merge_install=False, symlink_install=False, test_result_base=None, continue_on_error=False, executor='parallel', parallel_workers=16, event_handlers=None, ignore_user_meta=False, metas=['./colcon.meta'], base_paths=['.'], packages_ignore=None, packages_ignore_regex=None, paths=None, packages_up_to=None, packages_up_to_regex=None, packages_above=None, packages_above_and_dependencies=None, packages_above_depth=None, packages_select_by_dep=None, packages_skip_by_dep=None, packages_skip_up_to=None, packages_select_build_failed=False, packages_skip_build_finished=False, packages_select_test_failures=False, packages_skip_test_passed=False, packages_select=None, packages_skip=None, packages_select_regex=None, packages_skip_regex=None, packages_start=None, packages_end=None, allow_overriding=[], cmake_args=None, cmake_target=None, cmake_target_skip_unavailable=False, cmake_clean_cache=False, cmake_clean_first=False, cmake_force_configure=False, ament_cmake_args=None, catkin_cmake_args=None, catkin_skip_building_tests=False, verb_parser=<colcon_defaults.argument_parser.defaults.DefaultArgumentsDecorator object at 0x7f3612bba5c0>, verb_extension=<colcon_core.verb.build.BuildVerb object at 0x7f3612d43760>, main=<bound method BuildVerb.main of <colcon_core.verb.build.BuildVerb object at 0x7f3612d43760>>)
[0.949s] Level 1:colcon.colcon_core.package_discovery:discover_packages(colcon_meta) check parameters
[0.949s] Level 1:colcon.colcon_core.package_discovery:discover_packages(recursive) check parameters
[0.949s] Level 1:colcon.colcon_core.package_discovery:discover_packages(ignore) check parameters
[0.949s] Level 1:colcon.colcon_core.package_discovery:discover_packages(path) check parameters
[0.949s] Level 1:colcon.colcon_core.package_discovery:discover_packages(colcon_meta) discover
[0.949s] Level 1:colcon.colcon_core.package_discovery:discover_packages(recursive) discover
[0.949s] INFO:colcon.colcon_core.package_discovery:Crawling recursively for packages in '/home/salo/Desktop/mad-labz/ros2_ws'
[0.949s] Level 1:colcon.colcon_core.package_identification:_identify(.) by extensions ['ignore', 'ignore_ament_install']
[0.949s] Level 1:colcon.colcon_core.package_identification:_identify(.) by extension 'ignore'
[0.949s] Level 1:colcon.colcon_core.package_identification:_identify(.) by extension 'ignore_ament_install'
[0.949s] Level 1:colcon.colcon_core.package_identification:_identify(.) by extensions ['colcon_pkg']
[0.949s] Level 1:colcon.colcon_core.package_identification:_identify(.) by extension 'colcon_pkg'
[0.949s] Level 1:colcon.colcon_core.package_identification:_identify(.) by extensions ['colcon_meta']
[0.949s] Level 1:colcon.colcon_core.package_identification:_identify(.) by extension 'colcon_meta'
[0.949s] Level 1:colcon.colcon_core.package_identification:_identify(.) by extensions ['ros']
[0.949s] Level 1:colcon.colcon_core.package_identification:_identify(.) by extension 'ros'
[0.958s] Level 1:colcon.colcon_core.package_identification:_identify(.) by extensions ['cmake', 'python']
[0.958s] Level 1:colcon.colcon_core.package_identification:_identify(.) by extension 'cmake'
[0.958s] Level 1:colcon.colcon_core.package_identification:_identify(.) by extension 'python'
[0.958s] Level 1:colcon.colcon_core.package_identification:_identify(.) by extensions ['python_setup_py']
[0.958s] Level 1:colcon.colcon_core.package_identification:_identify(.) by extension 'python_setup_py'
[0.958s] Level 1:colcon.colcon_core.package_identification:_identify(build) by extensions ['ignore', 'ignore_ament_install']
[0.958s] Level 1:colcon.colcon_core.package_identification:_identify(build) by extension 'ignore'
[0.958s] Level 1:colcon.colcon_core.package_identification:_identify(build) ignored
[0.958s] Level 1:colcon.colcon_core.package_identification:_identify(install) by extensions ['ignore', 'ignore_ament_install']
[0.958s] Level 1:colcon.colcon_core.package_identification:_identify(install) by extension 'ignore'
[0.958s] Level 1:colcon.colcon_core.package_identification:_identify(install) ignored
[0.958s] Level 1:colcon.colcon_core.package_identification:_identify(log) by extensions ['ignore', 'ignore_ament_install']
[0.958s] Level 1:colcon.colcon_core.package_identification:_identify(log) by extension 'ignore'
[0.958s] Level 1:colcon.colcon_core.package_identification:_identify(log) ignored
[0.958s] Level 1:colcon.colcon_core.package_identification:_identify(src) by extensions ['ignore', 'ignore_ament_install']
[0.958s] Level 1:colcon.colcon_core.package_identification:_identify(src) by extension 'ignore'
[0.958s] Level 1:colcon.colcon_core.package_identification:_identify(src) by extension 'ignore_ament_install'
[0.958s] Level 1:colcon.colcon_core.package_identification:_identify(src) by extensions ['colcon_pkg']
[0.958s] Level 1:colcon.colcon_core.package_identification:_identify(src) by extension 'colcon_pkg'
[0.958s] Level 1:colcon.colcon_core.package_identification:_identify(src) by extensions ['colcon_meta']
[0.959s] Level 1:colcon.colcon_core.package_identification:_identify(src) by extension 'colcon_meta'
[0.959s] Level 1:colcon.colcon_core.package_identification:_identify(src) by extensions ['ros']
[0.959s] Level 1:colcon.colcon_core.package_identification:_identify(src) by extension 'ros'
[0.959s] Level 1:colcon.colcon_core.package_identification:_identify(src) by extensions ['cmake', 'python']
[0.959s] Level 1:colcon.colcon_core.package_identification:_identify(src) by extension 'cmake'
[0.959s] Level 1:colcon.colcon_core.package_identification:_identify(src) by extension 'python'
[0.959s] Level 1:colcon.colcon_core.package_identification:_identify(src) by extensions ['python_setup_py']
[0.959s] Level 1:colcon.colcon_core.package_identification:_identify(src) by extension 'python_setup_py'
[0.959s] Level 1:colcon.colcon_core.package_identification:_identify(src/my_cpp_pkg) by extensions ['ignore', 'ignore_ament_install']
[0.959s] Level 1:colcon.colcon_core.package_identification:_identify(src/my_cpp_pkg) by extension 'ignore'
[0.959s] Level 1:colcon.colcon_core.package_identification:_identify(src/my_cpp_pkg) by extension 'ignore_ament_install'
[0.959s] Level 1:colcon.colcon_core.package_identification:_identify(src/my_cpp_pkg) by extensions ['colcon_pkg']
[0.959s] Level 1:colcon.colcon_core.package_identification:_identify(src/my_cpp_pkg) by extension 'colcon_pkg'
[0.959s] Level 1:colcon.colcon_core.package_identification:_identify(src/my_cpp_pkg) by extensions ['colcon_meta']
[0.959s] Level 1:colcon.colcon_core.package_identification:_identify(src/my_cpp_pkg) by extension 'colcon_meta'
[0.959s] Level 1:colcon.colcon_core.package_identification:_identify(src/my_cpp_pkg) by extensions ['ros']
[0.959s] Level 1:colcon.colcon_core.package_identification:_identify(src/my_cpp_pkg) by extension 'ros'
[0.961s] DEBUG:colcon.colcon_core.package_identification:Package 'src/my_cpp_pkg' with type 'ros.ament_cmake' and name 'my_cpp_pkg'
[0.961s] Level 1:colcon.colcon_core.package_identification:_identify(src/my_py_pkg) by extensions ['ignore', 'ignore_ament_install']
[0.961s] Level 1:colcon.colcon_core.package_identification:_identify(src/my_py_pkg) by extension 'ignore'
[0.961s] Level 1:colcon.colcon_core.package_identification:_identify(src/my_py_pkg) by extension 'ignore_ament_install'
[0.961s] Level 1:colcon.colcon_core.package_identification:_identify(src/my_py_pkg) by extensions ['colcon_pkg']
[0.961s] Level 1:colcon.colcon_core.package_identification:_identify(src/my_py_pkg) by extension 'colcon_pkg'
[0.961s] Level 1:colcon.colcon_core.package_identification:_identify(src/my_py_pkg) by extensions ['colcon_meta']
[0.961s] Level 1:colcon.colcon_core.package_identification:_identify(src/my_py_pkg) by extension 'colcon_meta'
[0.961s] Level 1:colcon.colcon_core.package_identification:_identify(src/my_py_pkg) by extensions ['ros']
[0.961s] Level 1:colcon.colcon_core.package_identification:_identify(src/my_py_pkg) by extension 'ros'
[0.962s] DEBUG:colcon.colcon_core.package_identification:Package 'src/my_py_pkg' with type 'ros.ament_python' and name 'my_py_pkg'
[0.962s] Level 1:colcon.colcon_core.package_discovery:discover_packages(recursive) using defaults
[0.962s] Level 1:colcon.colcon_core.package_discovery:discover_packages(ignore) discover
[0.962s] Level 1:colcon.colcon_core.package_discovery:discover_packages(ignore) using defaults
[0.962s] Level 1:colcon.colcon_core.package_discovery:discover_packages(path) discover
[0.962s] Level 1:colcon.colcon_core.package_discovery:discover_packages(path) using defaults
[1.060s] Level 1:colcon.colcon_core.package_discovery:discover_packages(prefix_path) check parameters
[1.060s] Level 1:colcon.colcon_core.package_discovery:discover_packages(prefix_path) discover
[1.089s] DEBUG:colcon.colcon_installed_package_information.package_discovery:Found 394 installed packages in /opt/ros/humble
[1.091s] Level 1:colcon.colcon_core.package_discovery:discover_packages(prefix_path) using defaults
[1.172s] Level 5:colcon.colcon_core.verb:set package 'my_cpp_pkg' build argument 'cmake_args' from command line to 'None'
[1.172s] Level 5:colcon.colcon_core.verb:set package 'my_cpp_pkg' build argument 'cmake_target' from command line to 'None'
[1.172s] Level 5:colcon.colcon_core.verb:set package 'my_cpp_pkg' build argument 'cmake_target_skip_unavailable' from command line to 'False'
[1.172s] Level 5:colcon.colcon_core.verb:set package 'my_cpp_pkg' build argument 'cmake_clean_cache' from command line to 'False'
[1.172s] Level 5:colcon.colcon_core.verb:set package 'my_cpp_pkg' build argument 'cmake_clean_first' from command line to 'False'
[1.172s] Level 5:colcon.colcon_core.verb:set package 'my_cpp_pkg' build argument 'cmake_force_configure' from command line to 'False'
[1.172s] Level 5:colcon.colcon_core.verb:set package 'my_cpp_pkg' build argument 'ament_cmake_args' from command line to 'None'
[1.172s] Level 5:colcon.colcon_core.verb:set package 'my_cpp_pkg' build argument 'catkin_cmake_args' from command line to 'None'
[1.172s] Level 5:colcon.colcon_core.verb:set package 'my_cpp_pkg' build argument 'catkin_skip_building_tests' from command line to 'False'
[1.172s] DEBUG:colcon.colcon_core.verb:Building package 'my_cpp_pkg' with the following arguments: {'ament_cmake_args': None, 'build_base': '/home/salo/Desktop/mad-labz/ros2_ws/build/my_cpp_pkg', 'catkin_cmake_args': None, 'catkin_skip_building_tests': False, 'cmake_args': None, 'cmake_clean_cache': False, 'cmake_clean_first': False, 'cmake_force_configure': False, 'cmake_target': None, 'cmake_target_skip_unavailable': False, 'install_base': '/home/salo/Desktop/mad-labz/ros2_ws/install/my_cpp_pkg', 'merge_install': False, 'path': '/home/salo/Desktop/mad-labz/ros2_ws/src/my_cpp_pkg', 'symlink_install': False, 'test_result_base': None}
[1.185s] Level 5:colcon.colcon_core.verb:set package 'my_py_pkg' build argument 'cmake_args' from command line to 'None'
[1.185s] Level 5:colcon.colcon_core.verb:set package 'my_py_pkg' build argument 'cmake_target' from command line to 'None'
[1.185s] Level 5:colcon.colcon_core.verb:set package 'my_py_pkg' build argument 'cmake_target_skip_unavailable' from command line to 'False'
[1.185s] Level 5:colcon.colcon_core.verb:set package 'my_py_pkg' build argument 'cmake_clean_cache' from command line to 'False'
[1.185s] Level 5:colcon.colcon_core.verb:set package 'my_py_pkg' build argument 'cmake_clean_first' from command line to 'False'
[1.185s] Level 5:colcon.colcon_core.verb:set package 'my_py_pkg' build argument 'cmake_force_configure' from command line to 'False'
[1.185s] Level 5:colcon.colcon_core.verb:set package 'my_py_pkg' build argument 'ament_cmake_args' from command line to 'None'
[1.185s] Level 5:colcon.colcon_core.verb:set package 'my_py_pkg' build argument 'catkin_cmake_args' from command line to 'None'
[1.185s] Level 5:colcon.colcon_core.verb:set package 'my_py_pkg' build argument 'catkin_skip_building_tests' from command line to 'False'
[1.185s] DEBUG:colcon.colcon_core.verb:Building package 'my_py_pkg' with the following arguments: {'ament_cmake_args': None, 'build_base': '/home/salo/Desktop/mad-labz/ros2_ws/build/my_py_pkg', 'catkin_cmake_args': None, 'catkin_skip_building_tests': False, 'cmake_args': None, 'cmake_clean_cache': False, 'cmake_clean_first': False, 'cmake_force_configure': False, 'cmake_target': None, 'cmake_target_skip_unavailable': False, 'install_base': '/home/salo/Desktop/mad-labz/ros2_ws/install/my_py_pkg', 'merge_install': False, 'path': '/home/salo/Desktop/mad-labz/ros2_ws/src/my_py_pkg', 'symlink_install': False, 'test_result_base': None}
[1.198s] INFO:colcon.colcon_core.executor:Executing jobs using 'parallel' executor
[1.212s] DEBUG:colcon.colcon_parallel_executor.executor.parallel:run_until_complete
[1.212s] INFO:colcon.colcon_ros.task.ament_cmake.build:Building ROS package in '/home/salo/Desktop/mad-labz/ros2_ws/src/my_cpp_pkg' with build type 'ament_cmake'
[1.212s] INFO:colcon.colcon_cmake.task.cmake.build:Building CMake package in '/home/salo/Desktop/mad-labz/ros2_ws/src/my_cpp_pkg'
[1.226s] INFO:colcon.colcon_core.plugin_system:Skipping extension 'colcon_core.shell.bat': Not used on non-Windows systems
[1.227s] INFO:colcon.colcon_core.shell:Skip shell extension 'powershell' for command environment: Not usable outside of PowerShell
[1.227s] DEBUG:colcon.colcon_core.shell:Skip shell extension 'dsv' for command environment
[1.257s] INFO:colcon.colcon_ros.task.ament_python.build:Building ROS package in '/home/salo/Desktop/mad-labz/ros2_ws/src/my_py_pkg' with build type 'ament_python'
[1.257s] Level 1:colcon.colcon_core.shell:create_environment_hook('my_py_pkg', 'ament_prefix_path')
[1.270s] INFO:colcon.colcon_core.shell:Creating environment hook '/home/salo/Desktop/mad-labz/ros2_ws/install/my_py_pkg/share/my_py_pkg/hook/ament_prefix_path.ps1'
[1.271s] INFO:colcon.colcon_core.shell:Creating environment descriptor '/home/salo/Desktop/mad-labz/ros2_ws/install/my_py_pkg/share/my_py_pkg/hook/ament_prefix_path.dsv'
[1.271s] INFO:colcon.colcon_core.shell:Creating environment hook '/home/salo/Desktop/mad-labz/ros2_ws/install/my_py_pkg/share/my_py_pkg/hook/ament_prefix_path.sh'
[1.286s] INFO:colcon.colcon_core.shell:Skip shell extension 'powershell' for command environment: Not usable outside of PowerShell
[1.286s] DEBUG:colcon.colcon_core.shell:Skip shell extension 'dsv' for command environment
[1.319s] DEBUG:colcon.colcon_core.event_handler.log_command:Invoking command in '/home/salo/Desktop/mad-labz/ros2_ws/build/my_cpp_pkg': CMAKE_PREFIX_PATH=/opt/ros/humble /usr/bin/cmake /home/salo/Desktop/mad-labz/ros2_ws/src/my_cpp_pkg -DCMAKE_INSTALL_PREFIX=/home/salo/Desktop/mad-labz/ros2_ws/install/my_cpp_pkg
[1.562s] INFO:colcon.colcon_core.task.python.build:Building Python package in '/home/salo/Desktop/mad-labz/ros2_ws/src/my_py_pkg'
[1.577s] INFO:colcon.colcon_core.shell:Skip shell extension 'powershell' for command environment: Not usable outside of PowerShell
[1.577s] DEBUG:colcon.colcon_core.shell:Skip shell extension 'dsv' for command environment
[2.011s] DEBUG:colcon.colcon_core.event_handler.log_command:Invoking command in '/home/salo/Desktop/mad-labz/ros2_ws/src/my_py_pkg': PYTHONPATH=/home/salo/Desktop/mad-labz/ros2_ws/build/my_py_pkg/prefix_override:/home/salo/Desktop/mad-labz/ros2_ws/install/my_py_pkg/lib/python3.10/site-packages:${PYTHONPATH} /usr/bin/python3 setup.py egg_info --egg-base ../../build/my_py_pkg build --build-base /home/salo/Desktop/mad-labz/ros2_ws/build/my_py_pkg/build install --record /home/salo/Desktop/mad-labz/ros2_ws/build/my_py_pkg/install.log --single-version-externally-managed
[2.297s] DEBUG:colcon.colcon_core.event_handler.log_command:Invoked command in '/home/salo/Desktop/mad-labz/ros2_ws/src/my_py_pkg' returned '0': PYTHONPATH=/home/salo/Desktop/mad-labz/ros2_ws/build/my_py_pkg/prefix_override:/home/salo/Desktop/mad-labz/ros2_ws/install/my_py_pkg/lib/python3.10/site-packages:${PYTHONPATH} /usr/bin/python3 setup.py egg_info --egg-base ../../build/my_py_pkg build --build-base /home/salo/Desktop/mad-labz/ros2_ws/build/my_py_pkg/build install --record /home/salo/Desktop/mad-labz/ros2_ws/build/my_py_pkg/install.log --single-version-externally-managed
[2.314s] Level 1:colcon.colcon_core.environment:checking '/home/salo/Desktop/mad-labz/ros2_ws/install/my_py_pkg' for CMake module files
[2.314s] Level 1:colcon.colcon_core.environment:checking '/home/salo/Desktop/mad-labz/ros2_ws/install/my_py_pkg' for CMake config files
[2.315s] Level 1:colcon.colcon_core.environment:checking '/home/salo/Desktop/mad-labz/ros2_ws/install/my_py_pkg/lib'
[2.315s] Level 1:colcon.colcon_core.environment:checking '/home/salo/Desktop/mad-labz/ros2_ws/install/my_py_pkg/bin'
[2.315s] Level 1:colcon.colcon_core.environment:checking '/home/salo/Desktop/mad-labz/ros2_ws/install/my_py_pkg/lib/pkgconfig/my_py_pkg.pc'
[2.315s] Level 1:colcon.colcon_core.environment:checking '/home/salo/Desktop/mad-labz/ros2_ws/install/my_py_pkg/lib/python3.10/site-packages'
[2.315s] Level 1:colcon.colcon_core.shell:create_environment_hook('my_py_pkg', 'pythonpath')
[2.330s] INFO:colcon.colcon_core.shell:Creating environment hook '/home/salo/Desktop/mad-labz/ros2_ws/install/my_py_pkg/share/my_py_pkg/hook/pythonpath.ps1'
[2.330s] INFO:colcon.colcon_core.shell:Creating environment descriptor '/home/salo/Desktop/mad-labz/ros2_ws/install/my_py_pkg/share/my_py_pkg/hook/pythonpath.dsv'
[2.330s] INFO:colcon.colcon_core.shell:Creating environment hook '/home/salo/Desktop/mad-labz/ros2_ws/install/my_py_pkg/share/my_py_pkg/hook/pythonpath.sh'
[2.331s] Level 1:colcon.colcon_core.environment:checking '/home/salo/Desktop/mad-labz/ros2_ws/install/my_py_pkg/bin'
[2.331s] Level 1:colcon.colcon_core.environment:create_environment_scripts_only(my_py_pkg)
[2.346s] INFO:colcon.colcon_core.shell:Creating package script '/home/salo/Desktop/mad-labz/ros2_ws/install/my_py_pkg/share/my_py_pkg/package.ps1'
[2.347s] INFO:colcon.colcon_core.shell:Creating package descriptor '/home/salo/Desktop/mad-labz/ros2_ws/install/my_py_pkg/share/my_py_pkg/package.dsv'
[2.347s] INFO:colcon.colcon_core.shell:Creating package script '/home/salo/Desktop/mad-labz/ros2_ws/install/my_py_pkg/share/my_py_pkg/package.sh'
[2.348s] INFO:colcon.colcon_core.shell:Creating package script '/home/salo/Desktop/mad-labz/ros2_ws/install/my_py_pkg/share/my_py_pkg/package.bash'
[2.349s] INFO:colcon.colcon_core.shell:Creating package script '/home/salo/Desktop/mad-labz/ros2_ws/install/my_py_pkg/share/my_py_pkg/package.zsh'
[2.349s] Level 1:colcon.colcon_core.environment:create_file_with_runtime_dependencies(/home/salo/Desktop/mad-labz/ros2_ws/install/my_py_pkg/share/colcon-core/packages/my_py_pkg)
[2.711s] DEBUG:colcon.colcon_core.event_handler.log_command:Invoked command in '/home/salo/Desktop/mad-labz/ros2_ws/build/my_cpp_pkg' returned '0': CMAKE_PREFIX_PATH=/opt/ros/humble /usr/bin/cmake /home/salo/Desktop/mad-labz/ros2_ws/src/my_cpp_pkg -DCMAKE_INSTALL_PREFIX=/home/salo/Desktop/mad-labz/ros2_ws/install/my_cpp_pkg
[2.714s] DEBUG:colcon.colcon_core.event_handler.log_command:Invoking command in '/home/salo/Desktop/mad-labz/ros2_ws/build/my_cpp_pkg': CMAKE_PREFIX_PATH=/opt/ros/humble /usr/bin/cmake --build /home/salo/Desktop/mad-labz/ros2_ws/build/my_cpp_pkg -- -j16 -l16
[2.762s] DEBUG:colcon.colcon_core.event_handler.log_command:Invoked command in '/home/salo/Desktop/mad-labz/ros2_ws/build/my_cpp_pkg' returned '0': CMAKE_PREFIX_PATH=/opt/ros/humble /usr/bin/cmake --build /home/salo/Desktop/mad-labz/ros2_ws/build/my_cpp_pkg -- -j16 -l16
[2.805s] DEBUG:colcon.colcon_core.event_handler.log_command:Invoking command in '/home/salo/Desktop/mad-labz/ros2_ws/build/my_cpp_pkg': CMAKE_PREFIX_PATH=/opt/ros/humble /usr/bin/cmake --install /home/salo/Desktop/mad-labz/ros2_ws/build/my_cpp_pkg
[2.817s] Level 1:colcon.colcon_core.environment:create_environment_scripts_only(my_cpp_pkg)
[2.817s] DEBUG:colcon.colcon_core.event_handler.log_command:Invoked command in '/home/salo/Desktop/mad-labz/ros2_ws/build/my_cpp_pkg' returned '0': CMAKE_PREFIX_PATH=/opt/ros/humble /usr/bin/cmake --install /home/salo/Desktop/mad-labz/ros2_ws/build/my_cpp_pkg
[2.831s] Level 1:colcon.colcon_core.environment:checking '/home/salo/Desktop/mad-labz/ros2_ws/install/my_cpp_pkg' for CMake module files
[2.832s] Level 1:colcon.colcon_core.environment:checking '/home/salo/Desktop/mad-labz/ros2_ws/install/my_cpp_pkg' for CMake config files
[2.832s] Level 1:colcon.colcon_core.shell:create_environment_hook('my_cpp_pkg', 'cmake_prefix_path')
[2.846s] INFO:colcon.colcon_core.shell:Creating environment hook '/home/salo/Desktop/mad-labz/ros2_ws/install/my_cpp_pkg/share/my_cpp_pkg/hook/cmake_prefix_path.ps1'
[2.846s] INFO:colcon.colcon_core.shell:Creating environment descriptor '/home/salo/Desktop/mad-labz/ros2_ws/install/my_cpp_pkg/share/my_cpp_pkg/hook/cmake_prefix_path.dsv'
[2.846s] INFO:colcon.colcon_core.shell:Creating environment hook '/home/salo/Desktop/mad-labz/ros2_ws/install/my_cpp_pkg/share/my_cpp_pkg/hook/cmake_prefix_path.sh'
[2.847s] Level 1:colcon.colcon_core.environment:checking '/home/salo/Desktop/mad-labz/ros2_ws/install/my_cpp_pkg/bin'
[2.847s] Level 1:colcon.colcon_core.environment:checking '/home/salo/Desktop/mad-labz/ros2_ws/install/my_cpp_pkg/lib/pkgconfig/my_cpp_pkg.pc'
[2.847s] Level 1:colcon.colcon_core.environment:checking '/home/salo/Desktop/mad-labz/ros2_ws/install/my_cpp_pkg/lib/python3.10/site-packages'
[2.847s] Level 1:colcon.colcon_core.environment:checking '/home/salo/Desktop/mad-labz/ros2_ws/install/my_cpp_pkg/bin'
[2.861s] INFO:colcon.colcon_core.shell:Creating package script '/home/salo/Desktop/mad-labz/ros2_ws/install/my_cpp_pkg/share/my_cpp_pkg/package.ps1'
[2.862s] INFO:colcon.colcon_core.shell:Creating package descriptor '/home/salo/Desktop/mad-labz/ros2_ws/install/my_cpp_pkg/share/my_cpp_pkg/package.dsv'
[2.862s] INFO:colcon.colcon_core.shell:Creating package script '/home/salo/Desktop/mad-labz/ros2_ws/install/my_cpp_pkg/share/my_cpp_pkg/package.sh'
[2.862s] INFO:colcon.colcon_core.shell:Creating package script '/home/salo/Desktop/mad-labz/ros2_ws/install/my_cpp_pkg/share/my_cpp_pkg/package.bash'
[2.863s] INFO:colcon.colcon_core.shell:Creating package script '/home/salo/Desktop/mad-labz/ros2_ws/install/my_cpp_pkg/share/my_cpp_pkg/package.zsh'
[2.863s] Level 1:colcon.colcon_core.environment:create_file_with_runtime_dependencies(/home/salo/Desktop/mad-labz/ros2_ws/install/my_cpp_pkg/share/colcon-core/packages/my_cpp_pkg)
[2.911s] Level 1:colcon.colcon_core.environment:create_environment_scripts_only(my_cpp_pkg)
[2.925s] Level 1:colcon.colcon_core.environment:checking '/home/salo/Desktop/mad-labz/ros2_ws/install/my_cpp_pkg' for CMake module files
[2.925s] Level 1:colcon.colcon_core.environment:checking '/home/salo/Desktop/mad-labz/ros2_ws/install/my_cpp_pkg' for CMake config files
[2.925s] Level 1:colcon.colcon_core.shell:create_environment_hook('my_cpp_pkg', 'cmake_prefix_path')
[2.938s] INFO:colcon.colcon_core.shell:Creating environment hook '/home/salo/Desktop/mad-labz/ros2_ws/install/my_cpp_pkg/share/my_cpp_pkg/hook/cmake_prefix_path.ps1'
[2.938s] INFO:colcon.colcon_core.shell:Creating environment descriptor '/home/salo/Desktop/mad-labz/ros2_ws/install/my_cpp_pkg/share/my_cpp_pkg/hook/cmake_prefix_path.dsv'
[2.939s] INFO:colcon.colcon_core.shell:Creating environment hook '/home/salo/Desktop/mad-labz/ros2_ws/install/my_cpp_pkg/share/my_cpp_pkg/hook/cmake_prefix_path.sh'
[2.939s] Level 1:colcon.colcon_core.environment:checking '/home/salo/Desktop/mad-labz/ros2_ws/install/my_cpp_pkg/bin'
[2.939s] Level 1:colcon.colcon_core.environment:checking '/home/salo/Desktop/mad-labz/ros2_ws/install/my_cpp_pkg/lib/pkgconfig/my_cpp_pkg.pc'
[2.939s] Level 1:colcon.colcon_core.environment:checking '/home/salo/Desktop/mad-labz/ros2_ws/install/my_cpp_pkg/lib/python3.10/site-packages'
[2.940s] Level 1:colcon.colcon_core.environment:checking '/home/salo/Desktop/mad-labz/ros2_ws/install/my_cpp_pkg/bin'
[2.953s] INFO:colcon.colcon_core.shell:Creating package script '/home/salo/Desktop/mad-labz/ros2_ws/install/my_cpp_pkg/share/my_cpp_pkg/package.ps1'
[2.954s] INFO:colcon.colcon_core.shell:Creating package descriptor '/home/salo/Desktop/mad-labz/ros2_ws/install/my_cpp_pkg/share/my_cpp_pkg/package.dsv'
[2.954s] INFO:colcon.colcon_core.shell:Creating package script '/home/salo/Desktop/mad-labz/ros2_ws/install/my_cpp_pkg/share/my_cpp_pkg/package.sh'
[2.955s] INFO:colcon.colcon_core.shell:Creating package script '/home/salo/Desktop/mad-labz/ros2_ws/install/my_cpp_pkg/share/my_cpp_pkg/package.bash'
[2.955s] INFO:colcon.colcon_core.shell:Creating package script '/home/salo/Desktop/mad-labz/ros2_ws/install/my_cpp_pkg/share/my_cpp_pkg/package.zsh'
[2.955s] Level 1:colcon.colcon_core.environment:create_file_with_runtime_dependencies(/home/salo/Desktop/mad-labz/ros2_ws/install/my_cpp_pkg/share/colcon-core/packages/my_cpp_pkg)
[2.955s] DEBUG:colcon.colcon_parallel_executor.executor.parallel:closing loop
[2.956s] DEBUG:colcon.colcon_parallel_executor.executor.parallel:loop closed
[2.956s] DEBUG:colcon.colcon_parallel_executor.executor.parallel:run_until_complete finished with '0'
[2.956s] DEBUG:colcon.colcon_core.event_reactor:joining thread
[2.974s] INFO:colcon.colcon_core.plugin_system:Skipping extension 'colcon_notification.desktop_notification.terminal_notifier': Not used on non-Darwin systems
[2.974s] INFO:colcon.colcon_core.plugin_system:Skipping extension 'colcon_notification.desktop_notification.win32': Not used on non-Windows systems
[2.974s] INFO:colcon.colcon_notification.desktop_notification:Sending desktop notification using 'notify2'
[2.983s] DEBUG:colcon.colcon_core.event_reactor:joined thread
[2.998s] INFO:colcon.colcon_core.shell:Creating prefix script '/home/salo/Desktop/mad-labz/ros2_ws/install/local_setup.ps1'
[2.999s] INFO:colcon.colcon_core.shell:Creating prefix util module '/home/salo/Desktop/mad-labz/ros2_ws/install/_local_setup_util_ps1.py'
[3.000s] INFO:colcon.colcon_core.shell:Creating prefix chain script '/home/salo/Desktop/mad-labz/ros2_ws/install/setup.ps1'
[3.013s] INFO:colcon.colcon_core.shell:Creating prefix script '/home/salo/Desktop/mad-labz/ros2_ws/install/local_setup.sh'
[3.014s] INFO:colcon.colcon_core.shell:Creating prefix util module '/home/salo/Desktop/mad-labz/ros2_ws/install/_local_setup_util_sh.py'
[3.014s] INFO:colcon.colcon_core.shell:Creating prefix chain script '/home/salo/Desktop/mad-labz/ros2_ws/install/setup.sh'
[3.028s] INFO:colcon.colcon_core.shell:Creating prefix script '/home/salo/Desktop/mad-labz/ros2_ws/install/local_setup.bash'
[3.028s] INFO:colcon.colcon_core.shell:Creating prefix chain script '/home/salo/Desktop/mad-labz/ros2_ws/install/setup.bash'
[3.042s] INFO:colcon.colcon_core.shell:Creating prefix script '/home/salo/Desktop/mad-labz/ros2_ws/install/local_setup.zsh'
[3.042s] INFO:colcon.colcon_core.shell:Creating prefix chain script '/home/salo/Desktop/mad-labz/ros2_ws/install/setup.zsh'
