[0.888s] DEBUG:colcon:Command line arguments: ['/usr/bin/colcon', 'build']
[0.888s] DEBUG:colcon:Parsed command line arguments: Namespace(log_base=None, log_level=None, verb_name='build', build_base='build', install_base='install', merge_install=False, symlink_install=False, test_result_base=None, continue_on_error=False, executor='parallel', parallel_workers=16, event_handlers=None, ignore_user_meta=False, metas=['./colcon.meta'], base_paths=['.'], packages_ignore=None, packages_ignore_regex=None, paths=None, packages_up_to=None, packages_up_to_regex=None, packages_above=None, packages_above_and_dependencies=None, packages_above_depth=None, packages_select_by_dep=None, packages_skip_by_dep=None, packages_skip_up_to=None, packages_select_build_failed=False, packages_skip_build_finished=False, packages_select_test_failures=False, packages_skip_test_passed=False, packages_select=None, packages_skip=None, packages_select_regex=None, packages_skip_regex=None, packages_start=None, packages_end=None, allow_overriding=[], cmake_args=None, cmake_target=None, cmake_target_skip_unavailable=False, cmake_clean_cache=False, cmake_clean_first=False, cmake_force_configure=False, ament_cmake_args=None, catkin_cmake_args=None, catkin_skip_building_tests=False, verb_parser=<colcon_defaults.argument_parser.defaults.DefaultArgumentsDecorator object at 0x7f285513e5f0>, verb_extension=<colcon_core.verb.build.BuildVerb object at 0x7f28552c5f90>, main=<bound method BuildVerb.main of <colcon_core.verb.build.BuildVerb object at 0x7f28552c5f90>>)
[0.928s] Level 1:colcon.colcon_core.package_discovery:discover_packages(colcon_meta) check parameters
[0.928s] Level 1:colcon.colcon_core.package_discovery:discover_packages(recursive) check parameters
[0.928s] Level 1:colcon.colcon_core.package_discovery:discover_packages(ignore) check parameters
[0.928s] Level 1:colcon.colcon_core.package_discovery:discover_packages(path) check parameters
[0.928s] Level 1:colcon.colcon_core.package_discovery:discover_packages(colcon_meta) discover
[0.928s] Level 1:colcon.colcon_core.package_discovery:discover_packages(recursive) discover
[0.928s] INFO:colcon.colcon_core.package_discovery:Crawling recursively for packages in '/home/salo/Desktop/mad-labz/ros2_ws'
[0.928s] Level 1:colcon.colcon_core.package_identification:_identify(.) by extensions ['ignore', 'ignore_ament_install']
[0.929s] Level 1:colcon.colcon_core.package_identification:_identify(.) by extension 'ignore'
[0.929s] Level 1:colcon.colcon_core.package_identification:_identify(.) by extension 'ignore_ament_install'
[0.929s] Level 1:colcon.colcon_core.package_identification:_identify(.) by extensions ['colcon_pkg']
[0.929s] Level 1:colcon.colcon_core.package_identification:_identify(.) by extension 'colcon_pkg'
[0.929s] Level 1:colcon.colcon_core.package_identification:_identify(.) by extensions ['colcon_meta']
[0.929s] Level 1:colcon.colcon_core.package_identification:_identify(.) by extension 'colcon_meta'
[0.929s] Level 1:colcon.colcon_core.package_identification:_identify(.) by extensions ['ros']
[0.929s] Level 1:colcon.colcon_core.package_identification:_identify(.) by extension 'ros'
[0.937s] Level 1:colcon.colcon_core.package_identification:_identify(.) by extensions ['cmake', 'python']
[0.937s] Level 1:colcon.colcon_core.package_identification:_identify(.) by extension 'cmake'
[0.937s] Level 1:colcon.colcon_core.package_identification:_identify(.) by extension 'python'
[0.937s] Level 1:colcon.colcon_core.package_identification:_identify(.) by extensions ['python_setup_py']
[0.937s] Level 1:colcon.colcon_core.package_identification:_identify(.) by extension 'python_setup_py'
[0.937s] Level 1:colcon.colcon_core.package_identification:_identify(build) by extensions ['ignore', 'ignore_ament_install']
[0.937s] Level 1:colcon.colcon_core.package_identification:_identify(build) by extension 'ignore'
[0.938s] Level 1:colcon.colcon_core.package_identification:_identify(build) ignored
[0.938s] Level 1:colcon.colcon_core.package_identification:_identify(install) by extensions ['ignore', 'ignore_ament_install']
[0.938s] Level 1:colcon.colcon_core.package_identification:_identify(install) by extension 'ignore'
[0.938s] Level 1:colcon.colcon_core.package_identification:_identify(install) ignored
[0.938s] Level 1:colcon.colcon_core.package_identification:_identify(log) by extensions ['ignore', 'ignore_ament_install']
[0.938s] Level 1:colcon.colcon_core.package_identification:_identify(log) by extension 'ignore'
[0.938s] Level 1:colcon.colcon_core.package_identification:_identify(log) ignored
[0.938s] Level 1:colcon.colcon_core.package_identification:_identify(src) by extensions ['ignore', 'ignore_ament_install']
[0.938s] Level 1:colcon.colcon_core.package_identification:_identify(src) by extension 'ignore'
[0.938s] Level 1:colcon.colcon_core.package_identification:_identify(src) by extension 'ignore_ament_install'
[0.938s] Level 1:colcon.colcon_core.package_identification:_identify(src) by extensions ['colcon_pkg']
[0.938s] Level 1:colcon.colcon_core.package_identification:_identify(src) by extension 'colcon_pkg'
[0.938s] Level 1:colcon.colcon_core.package_identification:_identify(src) by extensions ['colcon_meta']
[0.938s] Level 1:colcon.colcon_core.package_identification:_identify(src) by extension 'colcon_meta'
[0.938s] Level 1:colcon.colcon_core.package_identification:_identify(src) by extensions ['ros']
[0.938s] Level 1:colcon.colcon_core.package_identification:_identify(src) by extension 'ros'
[0.938s] Level 1:colcon.colcon_core.package_identification:_identify(src) by extensions ['cmake', 'python']
[0.938s] Level 1:colcon.colcon_core.package_identification:_identify(src) by extension 'cmake'
[0.938s] Level 1:colcon.colcon_core.package_identification:_identify(src) by extension 'python'
[0.938s] Level 1:colcon.colcon_core.package_identification:_identify(src) by extensions ['python_setup_py']
[0.938s] Level 1:colcon.colcon_core.package_identification:_identify(src) by extension 'python_setup_py'
[0.938s] Level 1:colcon.colcon_core.package_identification:_identify(src/my_cpp_pkg) by extensions ['ignore', 'ignore_ament_install']
[0.939s] Level 1:colcon.colcon_core.package_identification:_identify(src/my_cpp_pkg) by extension 'ignore'
[0.939s] Level 1:colcon.colcon_core.package_identification:_identify(src/my_cpp_pkg) by extension 'ignore_ament_install'
[0.939s] Level 1:colcon.colcon_core.package_identification:_identify(src/my_cpp_pkg) by extensions ['colcon_pkg']
[0.939s] Level 1:colcon.colcon_core.package_identification:_identify(src/my_cpp_pkg) by extension 'colcon_pkg'
[0.939s] Level 1:colcon.colcon_core.package_identification:_identify(src/my_cpp_pkg) by extensions ['colcon_meta']
[0.939s] Level 1:colcon.colcon_core.package_identification:_identify(src/my_cpp_pkg) by extension 'colcon_meta'
[0.939s] Level 1:colcon.colcon_core.package_identification:_identify(src/my_cpp_pkg) by extensions ['ros']
[0.939s] Level 1:colcon.colcon_core.package_identification:_identify(src/my_cpp_pkg) by extension 'ros'
[0.941s] DEBUG:colcon.colcon_core.package_identification:Package 'src/my_cpp_pkg' with type 'ros.ament_cmake' and name 'my_cpp_pkg'
[0.941s] Level 1:colcon.colcon_core.package_identification:_identify(src/my_py_pkg) by extensions ['ignore', 'ignore_ament_install']
[0.941s] Level 1:colcon.colcon_core.package_identification:_identify(src/my_py_pkg) by extension 'ignore'
[0.941s] Level 1:colcon.colcon_core.package_identification:_identify(src/my_py_pkg) by extension 'ignore_ament_install'
[0.941s] Level 1:colcon.colcon_core.package_identification:_identify(src/my_py_pkg) by extensions ['colcon_pkg']
[0.941s] Level 1:colcon.colcon_core.package_identification:_identify(src/my_py_pkg) by extension 'colcon_pkg'
[0.941s] Level 1:colcon.colcon_core.package_identification:_identify(src/my_py_pkg) by extensions ['colcon_meta']
[0.941s] Level 1:colcon.colcon_core.package_identification:_identify(src/my_py_pkg) by extension 'colcon_meta'
[0.941s] Level 1:colcon.colcon_core.package_identification:_identify(src/my_py_pkg) by extensions ['ros']
[0.941s] Level 1:colcon.colcon_core.package_identification:_identify(src/my_py_pkg) by extension 'ros'
[0.941s] DEBUG:colcon.colcon_core.package_identification:Package 'src/my_py_pkg' with type 'ros.ament_python' and name 'my_py_pkg'
[0.941s] Level 1:colcon.colcon_core.package_discovery:discover_packages(recursive) using defaults
[0.941s] Level 1:colcon.colcon_core.package_discovery:discover_packages(ignore) discover
[0.941s] Level 1:colcon.colcon_core.package_discovery:discover_packages(ignore) using defaults
[0.941s] Level 1:colcon.colcon_core.package_discovery:discover_packages(path) discover
[0.941s] Level 1:colcon.colcon_core.package_discovery:discover_packages(path) using defaults
[1.073s] Level 1:colcon.colcon_core.package_discovery:discover_packages(prefix_path) check parameters
[1.073s] Level 1:colcon.colcon_core.package_discovery:discover_packages(prefix_path) discover
[1.106s] DEBUG:colcon.colcon_installed_package_information.package_discovery:Found 2 installed packages in /home/salo/Desktop/mad-labz/ros2_ws/install
[1.123s] DEBUG:colcon.colcon_installed_package_information.package_discovery:Found 394 installed packages in /opt/ros/humble
[1.125s] Level 1:colcon.colcon_core.package_discovery:discover_packages(prefix_path) using defaults
[1.219s] Level 5:colcon.colcon_core.verb:set package 'my_cpp_pkg' build argument 'cmake_args' from command line to 'None'
[1.219s] Level 5:colcon.colcon_core.verb:set package 'my_cpp_pkg' build argument 'cmake_target' from command line to 'None'
[1.219s] Level 5:colcon.colcon_core.verb:set package 'my_cpp_pkg' build argument 'cmake_target_skip_unavailable' from command line to 'False'
[1.220s] Level 5:colcon.colcon_core.verb:set package 'my_cpp_pkg' build argument 'cmake_clean_cache' from command line to 'False'
[1.220s] Level 5:colcon.colcon_core.verb:set package 'my_cpp_pkg' build argument 'cmake_clean_first' from command line to 'False'
[1.220s] Level 5:colcon.colcon_core.verb:set package 'my_cpp_pkg' build argument 'cmake_force_configure' from command line to 'False'
[1.220s] Level 5:colcon.colcon_core.verb:set package 'my_cpp_pkg' build argument 'ament_cmake_args' from command line to 'None'
[1.220s] Level 5:colcon.colcon_core.verb:set package 'my_cpp_pkg' build argument 'catkin_cmake_args' from command line to 'None'
[1.220s] Level 5:colcon.colcon_core.verb:set package 'my_cpp_pkg' build argument 'catkin_skip_building_tests' from command line to 'False'
[1.220s] DEBUG:colcon.colcon_core.verb:Building package 'my_cpp_pkg' with the following arguments: {'ament_cmake_args': None, 'build_base': '/home/salo/Desktop/mad-labz/ros2_ws/build/my_cpp_pkg', 'catkin_cmake_args': None, 'catkin_skip_building_tests': False, 'cmake_args': None, 'cmake_clean_cache': False, 'cmake_clean_first': False, 'cmake_force_configure': False, 'cmake_target': None, 'cmake_target_skip_unavailable': False, 'install_base': '/home/salo/Desktop/mad-labz/ros2_ws/install/my_cpp_pkg', 'merge_install': False, 'path': '/home/salo/Desktop/mad-labz/ros2_ws/src/my_cpp_pkg', 'symlink_install': False, 'test_result_base': None}
[1.235s] Level 5:colcon.colcon_core.verb:set package 'my_py_pkg' build argument 'cmake_args' from command line to 'None'
[1.235s] Level 5:colcon.colcon_core.verb:set package 'my_py_pkg' build argument 'cmake_target' from command line to 'None'
[1.235s] Level 5:colcon.colcon_core.verb:set package 'my_py_pkg' build argument 'cmake_target_skip_unavailable' from command line to 'False'
[1.235s] Level 5:colcon.colcon_core.verb:set package 'my_py_pkg' build argument 'cmake_clean_cache' from command line to 'False'
[1.235s] Level 5:colcon.colcon_core.verb:set package 'my_py_pkg' build argument 'cmake_clean_first' from command line to 'False'
[1.235s] Level 5:colcon.colcon_core.verb:set package 'my_py_pkg' build argument 'cmake_force_configure' from command line to 'False'
[1.235s] Level 5:colcon.colcon_core.verb:set package 'my_py_pkg' build argument 'ament_cmake_args' from command line to 'None'
[1.235s] Level 5:colcon.colcon_core.verb:set package 'my_py_pkg' build argument 'catkin_cmake_args' from command line to 'None'
[1.235s] Level 5:colcon.colcon_core.verb:set package 'my_py_pkg' build argument 'catkin_skip_building_tests' from command line to 'False'
[1.235s] DEBUG:colcon.colcon_core.verb:Building package 'my_py_pkg' with the following arguments: {'ament_cmake_args': None, 'build_base': '/home/salo/Desktop/mad-labz/ros2_ws/build/my_py_pkg', 'catkin_cmake_args': None, 'catkin_skip_building_tests': False, 'cmake_args': None, 'cmake_clean_cache': False, 'cmake_clean_first': False, 'cmake_force_configure': False, 'cmake_target': None, 'cmake_target_skip_unavailable': False, 'install_base': '/home/salo/Desktop/mad-labz/ros2_ws/install/my_py_pkg', 'merge_install': False, 'path': '/home/salo/Desktop/mad-labz/ros2_ws/src/my_py_pkg', 'symlink_install': False, 'test_result_base': None}
[1.249s] INFO:colcon.colcon_core.executor:Executing jobs using 'parallel' executor
[1.265s] DEBUG:colcon.colcon_parallel_executor.executor.parallel:run_until_complete
[1.265s] INFO:colcon.colcon_ros.task.ament_cmake.build:Building ROS package in '/home/salo/Desktop/mad-labz/ros2_ws/src/my_cpp_pkg' with build type 'ament_cmake'
[1.266s] INFO:colcon.colcon_cmake.task.cmake.build:Building CMake package in '/home/salo/Desktop/mad-labz/ros2_ws/src/my_cpp_pkg'
[1.281s] INFO:colcon.colcon_core.plugin_system:Skipping extension 'colcon_core.shell.bat': Not used on non-Windows systems
[1.281s] INFO:colcon.colcon_core.shell:Skip shell extension 'powershell' for command environment: Not usable outside of PowerShell
[1.281s] DEBUG:colcon.colcon_core.shell:Skip shell extension 'dsv' for command environment
[1.329s] INFO:colcon.colcon_ros.task.ament_python.build:Building ROS package in '/home/salo/Desktop/mad-labz/ros2_ws/src/my_py_pkg' with build type 'ament_python'
[1.329s] Level 1:colcon.colcon_core.shell:create_environment_hook('my_py_pkg', 'ament_prefix_path')
[1.344s] INFO:colcon.colcon_core.shell:Creating environment hook '/home/salo/Desktop/mad-labz/ros2_ws/install/my_py_pkg/share/my_py_pkg/hook/ament_prefix_path.ps1'
[1.344s] INFO:colcon.colcon_core.shell:Creating environment descriptor '/home/salo/Desktop/mad-labz/ros2_ws/install/my_py_pkg/share/my_py_pkg/hook/ament_prefix_path.dsv'
[1.345s] INFO:colcon.colcon_core.shell:Creating environment hook '/home/salo/Desktop/mad-labz/ros2_ws/install/my_py_pkg/share/my_py_pkg/hook/ament_prefix_path.sh'
[1.359s] INFO:colcon.colcon_core.shell:Skip shell extension 'powershell' for command environment: Not usable outside of PowerShell
[1.359s] DEBUG:colcon.colcon_core.shell:Skip shell extension 'dsv' for command environment
[1.407s] DEBUG:colcon.colcon_core.event_handler.log_command:Invoking command in '/home/salo/Desktop/mad-labz/ros2_ws/build/my_cpp_pkg': CMAKE_PREFIX_PATH=${CMAKE_PREFIX_PATH}:/home/salo/Desktop/mad-labz/ros2_ws/install/my_py_pkg:/opt/ros/humble /usr/bin/cmake --build /home/salo/Desktop/mad-labz/ros2_ws/build/my_cpp_pkg -- -j16 -l16
[1.667s] INFO:colcon.colcon_core.task.python.build:Building Python package in '/home/salo/Desktop/mad-labz/ros2_ws/src/my_py_pkg'
[1.682s] INFO:colcon.colcon_core.shell:Skip shell extension 'powershell' for command environment: Not usable outside of PowerShell
[1.682s] DEBUG:colcon.colcon_core.shell:Skip shell extension 'dsv' for command environment
[2.130s] DEBUG:colcon.colcon_core.event_handler.log_command:Invoking command in '/home/salo/Desktop/mad-labz/ros2_ws/src/my_py_pkg': PYTHONPATH=/home/salo/Desktop/mad-labz/ros2_ws/build/my_py_pkg/prefix_override:/home/salo/Desktop/mad-labz/ros2_ws/install/my_py_pkg/lib/python3.10/site-packages:${PYTHONPATH} /usr/bin/python3 setup.py egg_info --egg-base ../../build/my_py_pkg build --build-base /home/salo/Desktop/mad-labz/ros2_ws/build/my_py_pkg/build install --record /home/salo/Desktop/mad-labz/ros2_ws/build/my_py_pkg/install.log --single-version-externally-managed
[2.400s] DEBUG:colcon.colcon_core.event_handler.log_command:Invoked command in '/home/salo/Desktop/mad-labz/ros2_ws/src/my_py_pkg' returned '0': PYTHONPATH=/home/salo/Desktop/mad-labz/ros2_ws/build/my_py_pkg/prefix_override:/home/salo/Desktop/mad-labz/ros2_ws/install/my_py_pkg/lib/python3.10/site-packages:${PYTHONPATH} /usr/bin/python3 setup.py egg_info --egg-base ../../build/my_py_pkg build --build-base /home/salo/Desktop/mad-labz/ros2_ws/build/my_py_pkg/build install --record /home/salo/Desktop/mad-labz/ros2_ws/build/my_py_pkg/install.log --single-version-externally-managed
[2.415s] Level 1:colcon.colcon_core.environment:checking '/home/salo/Desktop/mad-labz/ros2_ws/install/my_py_pkg' for CMake module files
[2.416s] Level 1:colcon.colcon_core.environment:checking '/home/salo/Desktop/mad-labz/ros2_ws/install/my_py_pkg' for CMake config files
[2.416s] Level 1:colcon.colcon_core.environment:checking '/home/salo/Desktop/mad-labz/ros2_ws/install/my_py_pkg/lib'
[2.416s] Level 1:colcon.colcon_core.environment:checking '/home/salo/Desktop/mad-labz/ros2_ws/install/my_py_pkg/bin'
[2.416s] Level 1:colcon.colcon_core.environment:checking '/home/salo/Desktop/mad-labz/ros2_ws/install/my_py_pkg/lib/pkgconfig/my_py_pkg.pc'
[2.417s] Level 1:colcon.colcon_core.environment:checking '/home/salo/Desktop/mad-labz/ros2_ws/install/my_py_pkg/lib/python3.10/site-packages'
[2.417s] Level 1:colcon.colcon_core.shell:create_environment_hook('my_py_pkg', 'pythonpath')
[2.430s] INFO:colcon.colcon_core.shell:Creating environment hook '/home/salo/Desktop/mad-labz/ros2_ws/install/my_py_pkg/share/my_py_pkg/hook/pythonpath.ps1'
[2.431s] INFO:colcon.colcon_core.shell:Creating environment descriptor '/home/salo/Desktop/mad-labz/ros2_ws/install/my_py_pkg/share/my_py_pkg/hook/pythonpath.dsv'
[2.431s] INFO:colcon.colcon_core.shell:Creating environment hook '/home/salo/Desktop/mad-labz/ros2_ws/install/my_py_pkg/share/my_py_pkg/hook/pythonpath.sh'
[2.431s] Level 1:colcon.colcon_core.environment:checking '/home/salo/Desktop/mad-labz/ros2_ws/install/my_py_pkg/bin'
[2.431s] Level 1:colcon.colcon_core.environment:create_environment_scripts_only(my_py_pkg)
[2.445s] INFO:colcon.colcon_core.shell:Creating package script '/home/salo/Desktop/mad-labz/ros2_ws/install/my_py_pkg/share/my_py_pkg/package.ps1'
[2.446s] INFO:colcon.colcon_core.shell:Creating package descriptor '/home/salo/Desktop/mad-labz/ros2_ws/install/my_py_pkg/share/my_py_pkg/package.dsv'
[2.446s] INFO:colcon.colcon_core.shell:Creating package script '/home/salo/Desktop/mad-labz/ros2_ws/install/my_py_pkg/share/my_py_pkg/package.sh'
[2.447s] INFO:colcon.colcon_core.shell:Creating package script '/home/salo/Desktop/mad-labz/ros2_ws/install/my_py_pkg/share/my_py_pkg/package.bash'
[2.447s] INFO:colcon.colcon_core.shell:Creating package script '/home/salo/Desktop/mad-labz/ros2_ws/install/my_py_pkg/share/my_py_pkg/package.zsh'
[2.448s] Level 1:colcon.colcon_core.environment:create_file_with_runtime_dependencies(/home/salo/Desktop/mad-labz/ros2_ws/install/my_py_pkg/share/colcon-core/packages/my_py_pkg)
[4.004s] DEBUG:colcon.colcon_core.event_handler.log_command:Invoked command in '/home/salo/Desktop/mad-labz/ros2_ws/build/my_cpp_pkg' returned '0': CMAKE_PREFIX_PATH=${CMAKE_PREFIX_PATH}:/home/salo/Desktop/mad-labz/ros2_ws/install/my_py_pkg:/opt/ros/humble /usr/bin/cmake --build /home/salo/Desktop/mad-labz/ros2_ws/build/my_cpp_pkg -- -j16 -l16
[4.050s] DEBUG:colcon.colcon_core.event_handler.log_command:Invoking command in '/home/salo/Desktop/mad-labz/ros2_ws/build/my_cpp_pkg': CMAKE_PREFIX_PATH=${CMAKE_PREFIX_PATH}:/home/salo/Desktop/mad-labz/ros2_ws/install/my_py_pkg:/opt/ros/humble /usr/bin/cmake --install /home/salo/Desktop/mad-labz/ros2_ws/build/my_cpp_pkg
[4.060s] Level 1:colcon.colcon_core.environment:create_environment_scripts_only(my_cpp_pkg)
[4.060s] DEBUG:colcon.colcon_core.event_handler.log_command:Invoked command in '/home/salo/Desktop/mad-labz/ros2_ws/build/my_cpp_pkg' returned '0': CMAKE_PREFIX_PATH=${CMAKE_PREFIX_PATH}:/home/salo/Desktop/mad-labz/ros2_ws/install/my_py_pkg:/opt/ros/humble /usr/bin/cmake --install /home/salo/Desktop/mad-labz/ros2_ws/build/my_cpp_pkg
[4.075s] Level 1:colcon.colcon_core.environment:checking '/home/salo/Desktop/mad-labz/ros2_ws/install/my_cpp_pkg' for CMake module files
[4.075s] Level 1:colcon.colcon_core.environment:checking '/home/salo/Desktop/mad-labz/ros2_ws/install/my_cpp_pkg' for CMake config files
[4.075s] Level 1:colcon.colcon_core.shell:create_environment_hook('my_cpp_pkg', 'cmake_prefix_path')
[4.088s] INFO:colcon.colcon_core.shell:Creating environment hook '/home/salo/Desktop/mad-labz/ros2_ws/install/my_cpp_pkg/share/my_cpp_pkg/hook/cmake_prefix_path.ps1'
[4.089s] INFO:colcon.colcon_core.shell:Creating environment descriptor '/home/salo/Desktop/mad-labz/ros2_ws/install/my_cpp_pkg/share/my_cpp_pkg/hook/cmake_prefix_path.dsv'
[4.089s] INFO:colcon.colcon_core.shell:Creating environment hook '/home/salo/Desktop/mad-labz/ros2_ws/install/my_cpp_pkg/share/my_cpp_pkg/hook/cmake_prefix_path.sh'
[4.089s] Level 1:colcon.colcon_core.environment:checking '/home/salo/Desktop/mad-labz/ros2_ws/install/my_cpp_pkg/lib'
[4.090s] Level 1:colcon.colcon_core.environment:checking '/home/salo/Desktop/mad-labz/ros2_ws/install/my_cpp_pkg/bin'
[4.090s] Level 1:colcon.colcon_core.environment:checking '/home/salo/Desktop/mad-labz/ros2_ws/install/my_cpp_pkg/lib/pkgconfig/my_cpp_pkg.pc'
[4.090s] Level 1:colcon.colcon_core.environment:checking '/home/salo/Desktop/mad-labz/ros2_ws/install/my_cpp_pkg/lib/python3.10/site-packages'
[4.090s] Level 1:colcon.colcon_core.environment:checking '/home/salo/Desktop/mad-labz/ros2_ws/install/my_cpp_pkg/bin'
[4.103s] INFO:colcon.colcon_core.shell:Creating package script '/home/salo/Desktop/mad-labz/ros2_ws/install/my_cpp_pkg/share/my_cpp_pkg/package.ps1'
[4.103s] INFO:colcon.colcon_core.shell:Creating package descriptor '/home/salo/Desktop/mad-labz/ros2_ws/install/my_cpp_pkg/share/my_cpp_pkg/package.dsv'
[4.103s] INFO:colcon.colcon_core.shell:Creating package script '/home/salo/Desktop/mad-labz/ros2_ws/install/my_cpp_pkg/share/my_cpp_pkg/package.sh'
[4.104s] INFO:colcon.colcon_core.shell:Creating package script '/home/salo/Desktop/mad-labz/ros2_ws/install/my_cpp_pkg/share/my_cpp_pkg/package.bash'
[4.104s] INFO:colcon.colcon_core.shell:Creating package script '/home/salo/Desktop/mad-labz/ros2_ws/install/my_cpp_pkg/share/my_cpp_pkg/package.zsh'
[4.104s] Level 1:colcon.colcon_core.environment:create_file_with_runtime_dependencies(/home/salo/Desktop/mad-labz/ros2_ws/install/my_cpp_pkg/share/colcon-core/packages/my_cpp_pkg)
[4.155s] Level 1:colcon.colcon_core.environment:create_environment_scripts_only(my_cpp_pkg)
[4.168s] Level 1:colcon.colcon_core.environment:checking '/home/salo/Desktop/mad-labz/ros2_ws/install/my_cpp_pkg' for CMake module files
[4.168s] Level 1:colcon.colcon_core.environment:checking '/home/salo/Desktop/mad-labz/ros2_ws/install/my_cpp_pkg' for CMake config files
[4.168s] Level 1:colcon.colcon_core.shell:create_environment_hook('my_cpp_pkg', 'cmake_prefix_path')
[4.182s] INFO:colcon.colcon_core.shell:Creating environment hook '/home/salo/Desktop/mad-labz/ros2_ws/install/my_cpp_pkg/share/my_cpp_pkg/hook/cmake_prefix_path.ps1'
[4.183s] INFO:colcon.colcon_core.shell:Creating environment descriptor '/home/salo/Desktop/mad-labz/ros2_ws/install/my_cpp_pkg/share/my_cpp_pkg/hook/cmake_prefix_path.dsv'
[4.183s] INFO:colcon.colcon_core.shell:Creating environment hook '/home/salo/Desktop/mad-labz/ros2_ws/install/my_cpp_pkg/share/my_cpp_pkg/hook/cmake_prefix_path.sh'
[4.183s] Level 1:colcon.colcon_core.environment:checking '/home/salo/Desktop/mad-labz/ros2_ws/install/my_cpp_pkg/lib'
[4.183s] Level 1:colcon.colcon_core.environment:checking '/home/salo/Desktop/mad-labz/ros2_ws/install/my_cpp_pkg/bin'
[4.183s] Level 1:colcon.colcon_core.environment:checking '/home/salo/Desktop/mad-labz/ros2_ws/install/my_cpp_pkg/lib/pkgconfig/my_cpp_pkg.pc'
[4.184s] Level 1:colcon.colcon_core.environment:checking '/home/salo/Desktop/mad-labz/ros2_ws/install/my_cpp_pkg/lib/python3.10/site-packages'
[4.184s] Level 1:colcon.colcon_core.environment:checking '/home/salo/Desktop/mad-labz/ros2_ws/install/my_cpp_pkg/bin'
[4.196s] INFO:colcon.colcon_core.shell:Creating package script '/home/salo/Desktop/mad-labz/ros2_ws/install/my_cpp_pkg/share/my_cpp_pkg/package.ps1'
[4.197s] INFO:colcon.colcon_core.shell:Creating package descriptor '/home/salo/Desktop/mad-labz/ros2_ws/install/my_cpp_pkg/share/my_cpp_pkg/package.dsv'
[4.197s] INFO:colcon.colcon_core.shell:Creating package script '/home/salo/Desktop/mad-labz/ros2_ws/install/my_cpp_pkg/share/my_cpp_pkg/package.sh'
[4.197s] INFO:colcon.colcon_core.shell:Creating package script '/home/salo/Desktop/mad-labz/ros2_ws/install/my_cpp_pkg/share/my_cpp_pkg/package.bash'
[4.198s] INFO:colcon.colcon_core.shell:Creating package script '/home/salo/Desktop/mad-labz/ros2_ws/install/my_cpp_pkg/share/my_cpp_pkg/package.zsh'
[4.198s] Level 1:colcon.colcon_core.environment:create_file_with_runtime_dependencies(/home/salo/Desktop/mad-labz/ros2_ws/install/my_cpp_pkg/share/colcon-core/packages/my_cpp_pkg)
[4.198s] DEBUG:colcon.colcon_parallel_executor.executor.parallel:closing loop
[4.198s] DEBUG:colcon.colcon_parallel_executor.executor.parallel:loop closed
[4.198s] DEBUG:colcon.colcon_parallel_executor.executor.parallel:run_until_complete finished with '0'
[4.199s] DEBUG:colcon.colcon_core.event_reactor:joining thread
[4.218s] INFO:colcon.colcon_core.plugin_system:Skipping extension 'colcon_notification.desktop_notification.terminal_notifier': Not used on non-Darwin systems
[4.218s] INFO:colcon.colcon_core.plugin_system:Skipping extension 'colcon_notification.desktop_notification.win32': Not used on non-Windows systems
[4.218s] INFO:colcon.colcon_notification.desktop_notification:Sending desktop notification using 'notify2'
[4.225s] DEBUG:colcon.colcon_core.event_reactor:joined thread
[4.239s] INFO:colcon.colcon_core.shell:Creating prefix script '/home/salo/Desktop/mad-labz/ros2_ws/install/local_setup.ps1'
[4.240s] INFO:colcon.colcon_core.shell:Creating prefix util module '/home/salo/Desktop/mad-labz/ros2_ws/install/_local_setup_util_ps1.py'
[4.241s] INFO:colcon.colcon_core.shell:Creating prefix chain script '/home/salo/Desktop/mad-labz/ros2_ws/install/setup.ps1'
[4.255s] INFO:colcon.colcon_core.shell:Creating prefix script '/home/salo/Desktop/mad-labz/ros2_ws/install/local_setup.sh'
[4.255s] INFO:colcon.colcon_core.shell:Creating prefix util module '/home/salo/Desktop/mad-labz/ros2_ws/install/_local_setup_util_sh.py'
[4.255s] INFO:colcon.colcon_core.shell:Creating prefix chain script '/home/salo/Desktop/mad-labz/ros2_ws/install/setup.sh'
[4.269s] INFO:colcon.colcon_core.shell:Creating prefix script '/home/salo/Desktop/mad-labz/ros2_ws/install/local_setup.bash'
[4.269s] INFO:colcon.colcon_core.shell:Creating prefix chain script '/home/salo/Desktop/mad-labz/ros2_ws/install/setup.bash'
[4.283s] INFO:colcon.colcon_core.shell:Creating prefix script '/home/salo/Desktop/mad-labz/ros2_ws/install/local_setup.zsh'
[4.283s] INFO:colcon.colcon_core.shell:Creating prefix chain script '/home/salo/Desktop/mad-labz/ros2_ws/install/setup.zsh'
