[0.160s] Invoking command in '/home/salo/Desktop/mad-labz/ros2_ws/build/my_cpp_pkg': CMAKE_PREFIX_PATH=${CMAKE_PREFIX_PATH}:/home/salo/Desktop/mad-labz/ros2_ws/install/my_py_pkg:/opt/ros/humble /usr/bin/cmake --build /home/salo/Desktop/mad-labz/ros2_ws/build/my_cpp_pkg -- -j16 -l16
[0.252s] [35m[1mConsolidate compiler generated dependencies of target cpp_node[0m
[0.280s] [ 50%] [32mBuilding CXX object CMakeFiles/cpp_node.dir/src/my_first_node.cpp.o[0m
[2.933s] [100%] [32m[1mLinking CXX executable cpp_node[0m
[3.063s] [100%] Built target cpp_node
[3.075s] Invoked command in '/home/salo/Desktop/mad-labz/ros2_ws/build/my_cpp_pkg' returned '0': CMAKE_PREFIX_PATH=${CMAKE_PREFIX_PATH}:/home/salo/Desktop/mad-labz/ros2_ws/install/my_py_pkg:/opt/ros/humble /usr/bin/cmake --build /home/salo/Desktop/mad-labz/ros2_ws/build/my_cpp_pkg -- -j16 -l16
[3.115s] Invoking command in '/home/salo/Desktop/mad-labz/ros2_ws/build/my_cpp_pkg': CMAKE_PREFIX_PATH=${CMAKE_PREFIX_PATH}:/home/salo/Desktop/mad-labz/ros2_ws/install/my_py_pkg:/opt/ros/humble /usr/bin/cmake --install /home/salo/Desktop/mad-labz/ros2_ws/build/my_cpp_pkg
[3.123s] -- Install configuration: ""
[3.124s] -- Installing: /home/salo/Desktop/mad-labz/ros2_ws/install/my_cpp_pkg/lib/my_cpp_pkg/cpp_node
[3.124s] -- Set runtime path of "/home/salo/Desktop/mad-labz/ros2_ws/install/my_cpp_pkg/lib/my_cpp_pkg/cpp_node" to ""
[3.124s] -- Up-to-date: /home/salo/Desktop/mad-labz/ros2_ws/install/my_cpp_pkg/share/ament_index/resource_index/package_run_dependencies/my_cpp_pkg
[3.125s] -- Up-to-date: /home/salo/Desktop/mad-labz/ros2_ws/install/my_cpp_pkg/share/ament_index/resource_index/parent_prefix_path/my_cpp_pkg
[3.125s] -- Up-to-date: /home/salo/Desktop/mad-labz/ros2_ws/install/my_cpp_pkg/share/my_cpp_pkg/environment/ament_prefix_path.sh
[3.125s] -- Up-to-date: /home/salo/Desktop/mad-labz/ros2_ws/install/my_cpp_pkg/share/my_cpp_pkg/environment/ament_prefix_path.dsv
[3.125s] -- Up-to-date: /home/salo/Desktop/mad-labz/ros2_ws/install/my_cpp_pkg/share/my_cpp_pkg/environment/path.sh
[3.125s] -- Up-to-date: /home/salo/Desktop/mad-labz/ros2_ws/install/my_cpp_pkg/share/my_cpp_pkg/environment/path.dsv
[3.125s] -- Up-to-date: /home/salo/Desktop/mad-labz/ros2_ws/install/my_cpp_pkg/share/my_cpp_pkg/local_setup.bash
[3.125s] -- Up-to-date: /home/salo/Desktop/mad-labz/ros2_ws/install/my_cpp_pkg/share/my_cpp_pkg/local_setup.sh
[3.125s] -- Up-to-date: /home/salo/Desktop/mad-labz/ros2_ws/install/my_cpp_pkg/share/my_cpp_pkg/local_setup.zsh
[3.125s] -- Up-to-date: /home/salo/Desktop/mad-labz/ros2_ws/install/my_cpp_pkg/share/my_cpp_pkg/local_setup.dsv
[3.125s] -- Installing: /home/salo/Desktop/mad-labz/ros2_ws/install/my_cpp_pkg/share/my_cpp_pkg/package.dsv
[3.125s] -- Up-to-date: /home/salo/Desktop/mad-labz/ros2_ws/install/my_cpp_pkg/share/ament_index/resource_index/packages/my_cpp_pkg
[3.125s] -- Up-to-date: /home/salo/Desktop/mad-labz/ros2_ws/install/my_cpp_pkg/share/my_cpp_pkg/cmake/my_cpp_pkgConfig.cmake
[3.125s] -- Up-to-date: /home/salo/Desktop/mad-labz/ros2_ws/install/my_cpp_pkg/share/my_cpp_pkg/cmake/my_cpp_pkgConfig-version.cmake
[3.125s] -- Up-to-date: /home/salo/Desktop/mad-labz/ros2_ws/install/my_cpp_pkg/share/my_cpp_pkg/package.xml
[3.127s] Invoked command in '/home/salo/Desktop/mad-labz/ros2_ws/build/my_cpp_pkg' returned '0': CMAKE_PREFIX_PATH=${CMAKE_PREFIX_PATH}:/home/salo/Desktop/mad-labz/ros2_ws/install/my_py_pkg:/opt/ros/humble /usr/bin/cmake --install /home/salo/Desktop/mad-labz/ros2_ws/build/my_cpp_pkg
