[0.143s] Invoking command in '/home/salo/Desktop/mad-labz/ros2_ws/build/my_cpp_pkg': CMAKE_PREFIX_PATH=${CMAKE_PREFIX_PATH}:/home/salo/Desktop/mad-labz/ros2_ws/install/my_py_pkg:/opt/ros/humble /usr/bin/cmake --build /home/salo/Desktop/mad-labz/ros2_ws/build/my_cpp_pkg -- -j16 -l16
[0.215s] -- Found ament_cmake: 1.3.8 (/opt/ros/humble/share/ament_cmake/cmake)
[0.342s] -- Found rclcpp: 16.0.8 (/opt/ros/humble/share/rclcpp/cmake)
[0.379s] -- Found rosidl_generator_c: 3.1.5 (/opt/ros/humble/share/rosidl_generator_c/cmake)
[0.382s] -- Found rosidl_adapter: 3.1.5 (/opt/ros/humble/share/rosidl_adapter/cmake)
[0.391s] -- Found rosidl_generator_cpp: 3.1.5 (/opt/ros/humble/share/rosidl_generator_cpp/cmake)
[0.403s] -- Using all available rosidl_typesupport_c: rosidl_typesupport_fastrtps_c;rosidl_typesupport_introspection_c
[0.417s] -- Using all available rosidl_typesupport_cpp: rosidl_typesupport_fastrtps_cpp;rosidl_typesupport_introspection_cpp
[0.470s] -- Found rmw_implementation_cmake: 6.1.1 (/opt/ros/humble/share/rmw_implementation_cmake/cmake)
[0.472s] -- Found rmw_fastrtps_cpp: 6.2.6 (/opt/ros/humble/share/rmw_fastrtps_cpp/cmake)
[0.600s] -- Using RMW implementation 'rmw_fastrtps_cpp' as default
[0.777s] -- Configuring done
[0.788s] -- Generating done
[0.790s] -- Build files have been written to: /home/salo/Desktop/mad-labz/ros2_ws/build/my_cpp_pkg
[0.840s] [ 50%] [32mBuilding CXX object CMakeFiles/cpp_node.dir/src/my_first_node.cpp.o[0m
[3.020s] [100%] [32m[1mLinking CXX executable cpp_node[0m
[3.134s] [100%] Built target cpp_node
[3.146s] Invoked command in '/home/salo/Desktop/mad-labz/ros2_ws/build/my_cpp_pkg' returned '0': CMAKE_PREFIX_PATH=${CMAKE_PREFIX_PATH}:/home/salo/Desktop/mad-labz/ros2_ws/install/my_py_pkg:/opt/ros/humble /usr/bin/cmake --build /home/salo/Desktop/mad-labz/ros2_ws/build/my_cpp_pkg -- -j16 -l16
[3.193s] Invoking command in '/home/salo/Desktop/mad-labz/ros2_ws/build/my_cpp_pkg': CMAKE_PREFIX_PATH=${CMAKE_PREFIX_PATH}:/home/salo/Desktop/mad-labz/ros2_ws/install/my_py_pkg:/opt/ros/humble /usr/bin/cmake --install /home/salo/Desktop/mad-labz/ros2_ws/build/my_cpp_pkg
[3.201s] -- Install configuration: ""
[3.201s] -- Installing: /home/salo/Desktop/mad-labz/ros2_ws/install/my_cpp_pkg/lib/my_cpp_pkg/cpp_node
[3.201s] -- Set runtime path of "/home/salo/Desktop/mad-labz/ros2_ws/install/my_cpp_pkg/lib/my_cpp_pkg/cpp_node" to ""
[3.201s] -- Up-to-date: /home/salo/Desktop/mad-labz/ros2_ws/install/my_cpp_pkg/share/ament_index/resource_index/package_run_dependencies/my_cpp_pkg
[3.202s] -- Installing: /home/salo/Desktop/mad-labz/ros2_ws/install/my_cpp_pkg/share/ament_index/resource_index/parent_prefix_path/my_cpp_pkg
[3.202s] -- Up-to-date: /home/salo/Desktop/mad-labz/ros2_ws/install/my_cpp_pkg/share/my_cpp_pkg/environment/ament_prefix_path.sh
[3.202s] -- Installing: /home/salo/Desktop/mad-labz/ros2_ws/install/my_cpp_pkg/share/my_cpp_pkg/environment/ament_prefix_path.dsv
[3.202s] -- Up-to-date: /home/salo/Desktop/mad-labz/ros2_ws/install/my_cpp_pkg/share/my_cpp_pkg/environment/path.sh
[3.202s] -- Installing: /home/salo/Desktop/mad-labz/ros2_ws/install/my_cpp_pkg/share/my_cpp_pkg/environment/path.dsv
[3.202s] -- Up-to-date: /home/salo/Desktop/mad-labz/ros2_ws/install/my_cpp_pkg/share/my_cpp_pkg/local_setup.bash
[3.202s] -- Up-to-date: /home/salo/Desktop/mad-labz/ros2_ws/install/my_cpp_pkg/share/my_cpp_pkg/local_setup.sh
[3.202s] -- Up-to-date: /home/salo/Desktop/mad-labz/ros2_ws/install/my_cpp_pkg/share/my_cpp_pkg/local_setup.zsh
[3.202s] -- Installing: /home/salo/Desktop/mad-labz/ros2_ws/install/my_cpp_pkg/share/my_cpp_pkg/local_setup.dsv
[3.202s] -- Installing: /home/salo/Desktop/mad-labz/ros2_ws/install/my_cpp_pkg/share/my_cpp_pkg/package.dsv
[3.202s] -- Up-to-date: /home/salo/Desktop/mad-labz/ros2_ws/install/my_cpp_pkg/share/ament_index/resource_index/packages/my_cpp_pkg
[3.202s] -- Up-to-date: /home/salo/Desktop/mad-labz/ros2_ws/install/my_cpp_pkg/share/my_cpp_pkg/cmake/my_cpp_pkgConfig.cmake
[3.202s] -- Up-to-date: /home/salo/Desktop/mad-labz/ros2_ws/install/my_cpp_pkg/share/my_cpp_pkg/cmake/my_cpp_pkgConfig-version.cmake
[3.203s] -- Up-to-date: /home/salo/Desktop/mad-labz/ros2_ws/install/my_cpp_pkg/share/my_cpp_pkg/package.xml
[3.204s] Invoked command in '/home/salo/Desktop/mad-labz/ros2_ws/build/my_cpp_pkg' returned '0': CMAKE_PREFIX_PATH=${CMAKE_PREFIX_PATH}:/home/salo/Desktop/mad-labz/ros2_ws/install/my_py_pkg:/opt/ros/humble /usr/bin/cmake --install /home/salo/Desktop/mad-labz/ros2_ws/build/my_cpp_pkg
